391fac6 - (origin/gh-pages) deploy: b364fd620749143406754fa2a33c3ece8338af71 (9 days ago) <2025-01-04> BobDaGithubAccount
a4e61fc - (HEAD -> main, origin/main, origin/HEAD) bump (9 days ago) <2025-01-04> BobDaGithubAccount
b364fd6 - Added gpu acceleration to the python simulation (9 days ago) <2025-01-04> BobDaGithubAccount
f37c57a - Pushed working changes (12 days ago) <2025-01-01> BobDaGithubAccount
a8aa347 - deploy: 30152839301a41b186a65584455c05c1e5e1612e (13 days ago) <2024-12-31> BobDaGithubAccount
3015283 - Merge branch 'main' of https://github.com/BobDaGithubAccount/Atomica (13 days ago) <2024-12-31> BobDaGithubAccount
0b3ce9c - Pushing working changes for python implementation (13 days ago) <2024-12-31> BobDaGithubAccount
b7ef552 - deploy: 2eefacb32d265644248f62f594d80f200e2ceed7 (3 weeks ago) <2024-12-21> BobDaGithubAccount
2eefacb - Pushing working changes (3 weeks ago) <2024-12-21> BobDaGithubAccount
10bc69c - deploy: 19563bf8026bb038a53b9f5d25cc8faf80d80663 (4 weeks ago) <2024-12-15> BobDaGithubAccount
19563bf - Started constructing state machine for simulation (4 weeks ago) <2024-12-15> BobDaGithubAccount
d24e690 - deploy: 03f2b8c5c9cf75868b4158fa61b55559455649b4 (4 weeks ago) <2024-12-14> BobDaGithubAccount
03f2b8c - Edit README.md (4 weeks ago) <2024-12-14> BobDaGithubAccount
e5b4e9b - Refactor renderer module and move camera instance management (4 weeks ago) <2024-12-14> BobDaGithubAccount
165ce38 - deploy: a98004f676401d0d697ff04f0efc45ea7664cc78 (4 weeks ago) <2024-12-14> BobDaGithubAccount
a98004f - Fixed error (4 weeks ago) <2024-12-14> BobDaGithubAccount
f84b483 - Added help command (4 weeks ago) <2024-12-14> BobDaGithubAccount
6cc4e27 - Changed register_command macro (4 weeks ago) <2024-12-14> BobDaGithubAccount
f79c9fe - Added reset camera command (4 weeks ago) <2024-12-14> BobDaGithubAccount
541280b - deploy: c0ed1deba2e5e3ef91a79ca9cc88404f63a3f3f5 (4 weeks ago) <2024-12-14> BobDaGithubAccount
c0ed1de - Logging and command changes (4 weeks ago) <2024-12-14> BobDaGithubAccount
7b9bb8e - Added FOV change functionality (4 weeks ago) <2024-12-14> BobDaGithubAccount
3f318e0 - Created command registry framework (4 weeks ago) <2024-12-13> BobDaGithubAccount
da588ac - deploy: 1a82485dea6d552b56222c94ee9c53063d12064d (5 weeks ago) <2024-12-11> BobDaGithubAccount
1a82485 - Sorted out aspect ratios with the GUI (5 weeks ago) <2024-12-11> BobDaGithubAccount
97327fe - deploy: cc21d67b4e71d330f94b29218c277adf24981386 (5 weeks ago) <2024-12-10> BobDaGithubAccount
cc21d67 - Made GUI changes (5 weeks ago) <2024-12-10> BobDaGithubAccount
e51b58c - deploy: e57452dcc4a2e6e69b3eba16e3992f87b7b92488 (8 weeks ago) <2024-11-16> BobDaGithubAccount
e57452d - Localisation and event handling changes (8 weeks ago) <2024-11-16> BobDaGithubAccount
92d7f61 - deploy: 93d711588d4a47414f2c70305d2e3997e2dbf44a (8 weeks ago) <2024-11-15> BobDaGithubAccount
93d7115 - Resizing capability (8 weeks ago) <2024-11-15> BobDaGithubAccount
410024c - deploy: ffbb904d49e8381c4490c10da37ce82fae6414fc (9 weeks ago) <2024-11-11> BobDaGithubAccount
ffbb904 - Update index.html (9 weeks ago) <2024-11-11> BobDaGithubAccount
9912006 - Update index.html (9 weeks ago) <2024-11-11> BobDaGithubAccount
cba3ea1 - deploy: ac79c9455abf1f89d8b348c135bd130138d33be8 (3 months ago) <2024-10-29> BobDaGithubAccount
ac79c94 - Add rustup installation check and update in setup script (3 months ago) <2024-10-29> BobDaGithubAccount
03aa316 - Added setup script (3 months ago) <2024-10-29> BobDaGithubAccount
f6cce37 - Cleaned up .idea folder (3 months ago) <2024-10-29> BobDaGithubAccount
ac3db0a - deploy: 1c919cff9d22bd84f1c5f17e7aa0069d49bac823 (3 months ago) <2024-10-27> BobDaGithubAccount
1c919cf - Refactor build scripts and update file paths (3 months ago) <2024-10-27> BobDaGithubAccount
5917421 - deploy: 67afa84969e813b2320a5c89860fd38bf155bd46 (3 months ago) <2024-10-27> BobDaGithubAccount
67afa84 - Localisation changes (3 months ago) <2024-10-27> BobDaGithubAccount
fd9925c - deploy: b4d07bb856f1a517db7437d06194b9dbc4e6e9cb (3 months ago) <2024-10-27> BobDaGithubAccount
b4d07bb - Overhauled rendering internals and introduced a new workflow (3 months ago) <2024-10-27> BobDaGithubAccount
e5cdd01 - Updated .gitignore (3 months ago) <2024-10-22> BobDaGithubAccount
3bf7bfc - Merge remote-tracking branch 'origin/main' (3 months ago) <2024-10-22> BobDaGithubAccount
3da29db - Updated .gitignore (3 months ago) <2024-10-22> BobDaGithubAccount
ed6bcc6 - Update README.md (3 months ago) <2024-10-22> BobDaGithubAccount
46ab60d - deploy: 12069d935fc2642c161b5f1772309e18d25df9e2 (3 months ago) <2024-10-22> BobDaGithubAccount
12069d9 - Changed workflows - (just commiting to see if the permissions are now correctly configured) (3 months ago) <2024-10-22> BobDaGithubAccount
b57e4fb - Changed workflows (3 months ago) <2024-10-22> BobDaGithubAccount
2f128a3 - Changed workflows (3 months ago) <2024-10-22> BobDaGithubAccount
c678d22 - Added diagnositc telemetry (3 months ago) <2024-10-22> BobDaGithubAccount
f94c535 - Edited deploy.yml (3 months ago) <2024-10-22> BobDaGithubAccount
9259d0f - Changed gitignore and edited GitHub Pages Workflows (3 months ago) <2024-10-22> BobDaGithubAccount
53d46c4 - Established MVP (3 months ago) <2024-10-15> BobDaGithubAccount
145c991 - Initial commit (3 months ago) <2024-10-13> BobDaGithubAccount
t
